<?xml version="1.0" encoding="UTF-8"?>
<coverage generated="1670801011402" clover="3.2.0">
  <project timestamp="1670801011403" name="All files">
    <metrics statements="15" coveredstatements="8" conditionals="10" coveredconditionals="7" methods="3" coveredmethods="2" elements="28" coveredelements="17" complexity="0" loc="15" ncloc="15" packages="1" files="1" classes="1"/>
    <file name="util.js" path="D:\OneDrive\Escritorio\digitalHouse\digitalHouse\Testing 1\Clase23\util.js">
      <metrics statements="15" coveredstatements="8" conditionals="10" coveredconditionals="7" methods="3" coveredmethods="2"/>
      <line num="1" count="1" type="stmt"/>
      <line num="3" count="4" type="stmt"/>
      <line num="6" count="1" type="stmt"/>
      <line num="8" count="0" type="stmt"/>
      <line num="9" count="0" type="stmt"/>
      <line num="10" count="0" type="stmt"/>
      <line num="11" count="0" type="stmt"/>
      <line num="14" count="1" type="stmt"/>
      <line num="16" count="2" type="cond" truecount="1" falsecount="1"/>
      <line num="17" count="0" type="stmt"/>
      <line num="19" count="2" type="cond" truecount="3" falsecount="1"/>
      <line num="20" count="0" type="stmt"/>
      <line num="22" count="2" type="cond" truecount="3" falsecount="1"/>
      <line num="23" count="0" type="stmt"/>
      <line num="25" count="2" type="stmt"/>
    </file>
  </project>
</coverage>
