<?xml version="1.0" encoding="UTF-8"?>
<coverage generated="1670801163882" clover="3.2.0">
  <project timestamp="1670801163882" name="All files">
    <metrics statements="8" coveredstatements="7" conditionals="4" coveredconditionals="2" methods="4" coveredmethods="4" elements="16" coveredelements="13" complexity="0" loc="8" ncloc="8" packages="1" files="1" classes="1"/>
    <file name="calc.js" path="D:\OneDrive\Escritorio\digitalHouse\digitalHouse\Testing 1\Repaso parcial final\otro\calc.js">
      <metrics statements="8" coveredstatements="7" conditionals="4" coveredconditionals="2" methods="4" coveredmethods="4"/>
      <line num="1" count="1" type="stmt"/>
      <line num="4" count="1" type="cond" truecount="2" falsecount="2"/>
      <line num="5" count="0" type="stmt"/>
      <line num="7" count="1" type="stmt"/>
      <line num="11" count="2" type="stmt"/>
      <line num="15" count="2" type="stmt"/>
      <line num="19" count="2" type="stmt"/>
      <line num="22" count="1" type="stmt"/>
    </file>
  </project>
</coverage>
