<?xml version="1.0" encoding="UTF-8"?>
<coverage generated="1670807209908" clover="3.2.0">
  <project timestamp="1670807209909" name="All files">
    <metrics statements="83" coveredstatements="81" conditionals="4" coveredconditionals="4" methods="24" coveredmethods="22" elements="111" coveredelements="107" complexity="0" loc="83" ncloc="83" packages="1" files="1" classes="1"/>
    <file name="funcionalidad.js" path="D:\OneDrive\Escritorio\digitalHouse\digitalHouse\Testing 1\Repaso parcial final\calculadora_orig\funcionalidad.js">
      <metrics statements="83" coveredstatements="81" conditionals="4" coveredconditionals="4" methods="24" coveredmethods="22"/>
      <line num="8" count="16" type="stmt"/>
      <line num="9" count="16" type="stmt"/>
      <line num="10" count="16" type="stmt"/>
      <line num="11" count="16" type="stmt"/>
      <line num="12" count="16" type="stmt"/>
      <line num="13" count="16" type="stmt"/>
      <line num="14" count="16" type="stmt"/>
      <line num="15" count="16" type="stmt"/>
      <line num="16" count="16" type="stmt"/>
      <line num="17" count="16" type="stmt"/>
      <line num="18" count="16" type="stmt"/>
      <line num="19" count="16" type="stmt"/>
      <line num="20" count="16" type="stmt"/>
      <line num="21" count="16" type="stmt"/>
      <line num="22" count="16" type="stmt"/>
      <line num="23" count="16" type="stmt"/>
      <line num="24" count="16" type="stmt"/>
      <line num="27" count="16" type="stmt"/>
      <line num="28" count="10" type="stmt"/>
      <line num="30" count="16" type="stmt"/>
      <line num="31" count="10" type="stmt"/>
      <line num="33" count="16" type="stmt"/>
      <line num="34" count="2" type="stmt"/>
      <line num="36" count="16" type="stmt"/>
      <line num="37" count="2" type="stmt"/>
      <line num="39" count="16" type="stmt"/>
      <line num="40" count="2" type="stmt"/>
      <line num="42" count="16" type="stmt"/>
      <line num="43" count="2" type="stmt"/>
      <line num="45" count="16" type="stmt"/>
      <line num="46" count="2" type="stmt"/>
      <line num="48" count="16" type="stmt"/>
      <line num="49" count="2" type="stmt"/>
      <line num="51" count="16" type="stmt"/>
      <line num="52" count="2" type="stmt"/>
      <line num="54" count="16" type="stmt"/>
      <line num="55" count="2" type="stmt"/>
      <line num="57" count="16" type="stmt"/>
      <line num="58" count="0" type="stmt"/>
      <line num="60" count="16" type="stmt"/>
      <line num="61" count="1" type="stmt"/>
      <line num="62" count="1" type="stmt"/>
      <line num="63" count="1" type="stmt"/>
      <line num="65" count="16" type="stmt"/>
      <line num="66" count="1" type="stmt"/>
      <line num="67" count="1" type="stmt"/>
      <line num="68" count="1" type="stmt"/>
      <line num="70" count="16" type="stmt"/>
      <line num="71" count="1" type="stmt"/>
      <line num="72" count="1" type="stmt"/>
      <line num="73" count="1" type="stmt"/>
      <line num="75" count="16" type="stmt"/>
      <line num="76" count="1" type="stmt"/>
      <line num="77" count="1" type="stmt"/>
      <line num="78" count="1" type="stmt"/>
      <line num="80" count="16" type="stmt"/>
      <line num="81" count="4" type="stmt"/>
      <line num="82" count="4" type="stmt"/>
      <line num="88" count="20" type="stmt"/>
      <line num="92" count="5" type="stmt"/>
      <line num="93" count="5" type="stmt"/>
      <line num="94" count="5" type="stmt"/>
      <line num="95" count="5" type="stmt"/>
      <line num="99" count="4" type="stmt"/>
      <line num="100" count="4" type="cond" truecount="4" falsecount="0"/>
      <line num="102" count="1" type="stmt"/>
      <line num="103" count="1" type="stmt"/>
      <line num="105" count="1" type="stmt"/>
      <line num="106" count="1" type="stmt"/>
      <line num="108" count="1" type="stmt"/>
      <line num="109" count="1" type="stmt"/>
      <line num="111" count="1" type="stmt"/>
      <line num="112" count="1" type="stmt"/>
      <line num="114" count="4" type="stmt"/>
      <line num="115" count="4" type="stmt"/>
      <line num="120" count="1" type="stmt"/>
      <line num="121" count="16" type="stmt"/>
      <line num="123" count="1" type="stmt"/>
      <line num="124" count="16" type="stmt"/>
      <line num="126" count="1" type="stmt"/>
      <line num="127" count="1" type="stmt"/>
      <line num="129" count="1" type="stmt"/>
      <line num="130" count="0" type="stmt"/>
    </file>
  </project>
</coverage>
