TN:
SF:funcionalidad.js
FN:6,init
FN:27,(anonymous_1)
FN:30,(anonymous_2)
FN:33,(anonymous_3)
FN:36,(anonymous_4)
FN:39,(anonymous_5)
FN:42,(anonymous_6)
FN:45,(anonymous_7)
FN:48,(anonymous_8)
FN:51,(anonymous_9)
FN:54,(anonymous_10)
FN:57,(anonymous_11)
FN:60,(anonymous_12)
FN:65,(anonymous_13)
FN:70,(anonymous_14)
FN:75,(anonymous_15)
FN:80,(anonymous_16)
FN:87,limpiar
FN:91,resetear
FN:98,resolver
FN:120,(anonymous_20)
FN:123,(anonymous_21)
FN:126,(anonymous_22)
FN:129,(anonymous_23)
FNF:24
FNH:22
FNDA:16,init
FNDA:10,(anonymous_1)
FNDA:10,(anonymous_2)
FNDA:2,(anonymous_3)
FNDA:2,(anonymous_4)
FNDA:2,(anonymous_5)
FNDA:2,(anonymous_6)
FNDA:2,(anonymous_7)
FNDA:2,(anonymous_8)
FNDA:2,(anonymous_9)
FNDA:2,(anonymous_10)
FNDA:0,(anonymous_11)
FNDA:1,(anonymous_12)
FNDA:1,(anonymous_13)
FNDA:1,(anonymous_14)
FNDA:1,(anonymous_15)
FNDA:4,(anonymous_16)
FNDA:20,limpiar
FNDA:5,resetear
FNDA:4,resolver
FNDA:16,(anonymous_20)
FNDA:16,(anonymous_21)
FNDA:1,(anonymous_22)
FNDA:0,(anonymous_23)
DA:8,16
DA:9,16
DA:10,16
DA:11,16
DA:12,16
DA:13,16
DA:14,16
DA:15,16
DA:16,16
DA:17,16
DA:18,16
DA:19,16
DA:20,16
DA:21,16
DA:22,16
DA:23,16
DA:24,16
DA:27,16
DA:28,10
DA:30,16
DA:31,10
DA:33,16
DA:34,2
DA:36,16
DA:37,2
DA:39,16
DA:40,2
DA:42,16
DA:43,2
DA:45,16
DA:46,2
DA:48,16
DA:49,2
DA:51,16
DA:52,2
DA:54,16
DA:55,2
DA:57,16
DA:58,0
DA:60,16
DA:61,1
DA:62,1
DA:63,1
DA:65,16
DA:66,1
DA:67,1
DA:68,1
DA:70,16
DA:71,1
DA:72,1
DA:73,1
DA:75,16
DA:76,1
DA:77,1
DA:78,1
DA:80,16
DA:81,4
DA:82,4
DA:88,20
DA:92,5
DA:93,5
DA:94,5
DA:95,5
DA:99,4
DA:100,4
DA:102,1
DA:103,1
DA:105,1
DA:106,1
DA:108,1
DA:109,1
DA:111,1
DA:112,1
DA:114,4
DA:115,4
DA:120,1
DA:121,16
DA:123,1
DA:124,16
DA:126,1
DA:127,1
DA:129,1
DA:130,0
LF:83
LH:81
BRDA:100,0,0,1
BRDA:100,0,1,1
BRDA:100,0,2,1
BRDA:100,0,3,1
BRF:4
BRH:4
end_of_record
